2018-01-05T13:02:18.527+0100 I CONTROL  [main] Trying to start Windows service 'MongoDB'
2018-01-05T13:02:18.528+0100 I CONTROL  [initandlisten] MongoDB starting : pid=3932 port=27017 dbpath=C:\Users\laura\Desktop\UniversidadUAH\Computación ubicua\Pec2\medical_profiler\db\data\ 64-bit host=DESKTOP-O175VNR
2018-01-05T13:02:18.528+0100 I CONTROL  [initandlisten] targetMinOS: Windows 7/Windows Server 2008 R2
2018-01-05T13:02:18.528+0100 I CONTROL  [initandlisten] db version v3.6.0
2018-01-05T13:02:18.528+0100 I CONTROL  [initandlisten] git version: a57d8e71e6998a2d0afde7edc11bd23e5661c915
2018-01-05T13:02:18.542+0100 I CONTROL  [initandlisten] OpenSSL version: OpenSSL 1.0.1u-fips  22 Sep 2016
2018-01-05T13:02:18.542+0100 I CONTROL  [initandlisten] allocator: tcmalloc
2018-01-05T13:02:18.542+0100 I CONTROL  [initandlisten] modules: none
2018-01-05T13:02:18.542+0100 I CONTROL  [initandlisten] build environment:
2018-01-05T13:02:18.542+0100 I CONTROL  [initandlisten]     distmod: 2008plus-ssl
2018-01-05T13:02:18.542+0100 I CONTROL  [initandlisten]     distarch: x86_64
2018-01-05T13:02:18.542+0100 I CONTROL  [initandlisten]     target_arch: x86_64
2018-01-05T13:02:18.542+0100 I CONTROL  [initandlisten] options: { config: "c:\mongod.conf", net: { bindIp: "127.0.0.1", port: 27017 }, service: true, storage: { dbPath: "C:\Users\laura\Desktop\UniversidadUAH\Computación ubicua\Pec2\medical_profiler\db\data\", journal: { enabled: true } }, systemLog: { component: { accessControl: { verbosity: 0 }, command: { verbosity: 0 } }, destination: "file", logAppend: false, logRotate: "rename", path: "C:\Users\laura\Desktop\UniversidadUAH\Computación ubicua\Pec2\medical_profiler\db\logs\medical_profilerDB.log", quiet: false, timeStampFormat: "iso8601-local" } }
2018-01-05T13:02:18.547+0100 I -        [initandlisten] Detected data files in C:\Users\laura\Desktop\UniversidadUAH\Computación ubicua\Pec2\medical_profiler\db\data\ created by the 'wiredTiger' storage engine, so setting the active storage engine to 'wiredTiger'.
2018-01-05T13:02:18.548+0100 I STORAGE  [initandlisten] wiredtiger_open config: create,cache_size=3541M,session_max=20000,eviction=(threads_min=4,threads_max=4),config_base=false,statistics=(fast),log=(enabled=true,archive=true,path=journal,compressor=snappy),file_manager=(close_idle_time=100000),statistics_log=(wait=0),verbose=(recovery_progress),
2018-01-05T13:02:19.151+0100 I STORAGE  [initandlisten] WiredTiger message [1515153739:151436][3932:140706168660304], txn-recover: Main recovery loop: starting at 8/27008
2018-01-05T13:02:19.467+0100 I STORAGE  [initandlisten] WiredTiger message [1515153739:466863][3932:140706168660304], txn-recover: Recovering log 8 through 9
2018-01-05T13:02:19.602+0100 I STORAGE  [initandlisten] WiredTiger message [1515153739:601962][3932:140706168660304], txn-recover: Recovering log 9 through 9
2018-01-05T13:02:20.478+0100 I CONTROL  [initandlisten] 
2018-01-05T13:02:20.479+0100 I CONTROL  [initandlisten] ** WARNING: Access control is not enabled for the database.
2018-01-05T13:02:20.479+0100 I CONTROL  [initandlisten] **          Read and write access to data and configuration is unrestricted.
2018-01-05T13:02:20.479+0100 I CONTROL  [initandlisten] 
2018-01-05T13:02:20.479+0100 I CONTROL  [initandlisten] 
2018-01-05T13:02:20.479+0100 I CONTROL  [initandlisten] ** WARNING: The file system cache of this machine is configured to be greater than 40% of the total memory. This can lead to increased memory pressure and poor performance.
2018-01-05T13:02:20.479+0100 I CONTROL  [initandlisten] See http://dochub.mongodb.org/core/wt-windows-system-file-cache
2018-01-05T13:02:20.479+0100 I CONTROL  [initandlisten] 
2018-01-05T13:02:21.396+0100 W FTDC     [initandlisten] Failed to initialize Performance Counters for FTDC: WindowsPdhError: PdhExpandCounterPathW failed with 'El objeto especificado no se encontró en el equipo.' for counter '\Memory\Available Bytes'
2018-01-05T13:02:21.396+0100 I FTDC     [initandlisten] Initializing full-time diagnostic data capture with directory 'C:/Users/laura/Desktop/UniversidadUAH/Computación ubicua/Pec2/medical_profiler/db/data/diagnostic.data'
2018-01-05T13:02:21.447+0100 I NETWORK  [initandlisten] waiting for connections on port 27017
2018-01-05T13:02:21.447+0100 I STORAGE  [initandlisten] Service running
2018-01-05T13:04:02.750+0100 I NETWORK  [listener] connection accepted from 127.0.0.1:50630 #1 (1 connection now open)
2018-01-05T13:04:02.760+0100 I NETWORK  [conn1] received client metadata from 127.0.0.1:50630 conn: { driver: { name: "nodejs", version: "2.2.33" }, os: { type: "Windows_NT", name: "win32", architecture: "x64", version: "10.0.16299" }, platform: "Node.js v8.9.3, LE, mongodb-core: 2.1.17" }
2018-01-05T13:04:02.785+0100 I NETWORK  [listener] connection accepted from 127.0.0.1:50631 #2 (2 connections now open)
2018-01-05T13:04:03.030+0100 I INDEX    [conn1] build index on: medical_reports.patients properties: { v: 2, unique: true, key: { code_rfid: 1 }, name: "code_rfid_1", ns: "medical_reports.patients", background: true }
2018-01-05T13:04:03.441+0100 I COMMAND  [conn1] command medical_reports.$cmd command: createIndexes { createIndexes: "patients", indexes: [ { name: "code_rfid_1", key: { code_rfid: 1 }, unique: true, background: true } ], $db: "medical_reports" } exception: E11000 duplicate key error collection: medical_reports.patients index: code_rfid_1 dup key: { : null } code:DuplicateKey numYields:0 reslen:189 locks:{ Global: { acquireCount: { r: 1, w: 1 } }, Database: { acquireCount: { w: 1, W: 2 } }, Collection: { acquireCount: { w: 1 } } } protocol:op_query 584ms
2018-01-05T13:05:40.248+0100 I NETWORK  [conn2] end connection 127.0.0.1:50631 (1 connection now open)
2018-01-05T13:05:40.248+0100 I NETWORK  [conn1] end connection 127.0.0.1:50630 (0 connections now open)
2018-01-05T13:05:47.328+0100 I CONTROL  [serviceShutdown] got SERVICE_CONTROL_STOP request from Windows Service Control Manager, will terminate after current cmd ends
2018-01-05T13:05:47.337+0100 I NETWORK  [serviceShutdown] shutdown: going to close listening sockets...
2018-01-05T13:05:47.339+0100 I FTDC     [serviceShutdown] Shutting down full-time diagnostic data capture
2018-01-05T13:05:47.347+0100 I STORAGE  [serviceShutdown] WiredTigerKVEngine shutting down
2018-01-05T13:05:47.894+0100 I STORAGE  [serviceShutdown] shutdown: removing fs lock...
2018-01-05T13:05:47.895+0100 I CONTROL  [serviceShutdown] now exiting
